#-----------------------------------------------------------
# Vivado v2018.2 (64-bit)
# SW Build 2258646 on Thu Jun 14 20:03:12 MDT 2018
# IP Build 2256618 on Thu Jun 14 22:10:49 MDT 2018
# Start of session at: Fri Jul  8 13:09:52 2022
# Process ID: 16272
# Current directory: C:/Users/Ravindu Nagasinghe/Desktop/project_FINAL
# Command line: vivado.exe -gui_launcher_event rodinguilauncherevent8640 C:\Users\Ravindu Nagasinghe\Desktop\project_FINAL\project_FINAL.xpr
# Log file: C:/Users/Ravindu Nagasinghe/Desktop/project_FINAL/vivado.log
# Journal file: C:/Users/Ravindu Nagasinghe/Desktop/project_FINAL\vivado.jou
#-----------------------------------------------------------
start_gui
open_project {C:/Users/Ravindu Nagasinghe/Desktop/project_FINAL/project_FINAL.xpr}
Scanning sources...
Finished scanning sources
WARNING: [filemgmt 56-3] Board Part Repository Path: Could not find the directory 'C:/Users/pahan/AppData/Roaming/Xilinx/Vivado/2021.2/xhub/board_store/xilinx_board_store'.
INFO: [IP_Flow 19-234] Refreshing IP repositories
INFO: [IP_Flow 19-1704] No user IP repositories specified
INFO: [IP_Flow 19-2313] Loaded Vivado IP repository 'D:/Xilinx/Vivado/2018.2/data/ip'.
open_project: Time (s): cpu = 00:00:09 ; elapsed = 00:00:11 . Memory (MB): peak = 765.156 ; gain = 78.969
update_compile_order -fileset sources_1
exit
INFO: [Common 17-206] Exiting Vivado at Fri Jul  8 13:10:53 2022...
